<?xml version="1.0" encoding="UTF-8"?>
<testng-results ignored="0" total="1" passed="1" failed="0" skipped="0">
  <reporter-output>
  </reporter-output>
  <suite started-at="2022-11-25T13:22:53 IST" name="Suite" finished-at="2022-11-25T13:22:53 IST" duration-ms="92">
    <groups>
    </groups>
    <test started-at="2022-11-25T13:22:53 IST" name="Test" finished-at="2022-11-25T13:22:53 IST" duration-ms="92">
      <class name="vTiger.Practice.ReadDataFromCmdLineTest">
        <test-method signature="readData()[pri:0, instance:vTiger.Practice.ReadDataFromCmdLineTest@6a192cfe]" started-at="2022-11-25T13:22:53 IST" name="readData" finished-at="2022-11-25T13:22:53 IST" duration-ms="14" status="PASS">
          <reporter-output>
          </reporter-output>
        </test-method> <!-- readData -->
      </class> <!-- vTiger.Practice.ReadDataFromCmdLineTest -->
    </test> <!-- Test -->
  </suite> <!-- Suite -->
</testng-results>
